c:\users\yooso\desktop\유소영\멋해\플밍\c++연습_baekjoon\programmers_c++\programmers_c++\debug\vc141.pdb
c:\users\yooso\desktop\유소영\멋해\플밍\c++연습_baekjoon\programmers_c++\programmers_c++\debug\vc141.idb
c:\users\yooso\desktop\유소영\멋해\플밍\c++연습_baekjoon\programmers_c++\programmers_c++\debug\완주하지못한선수.obj
c:\users\yooso\desktop\유소영\멋해\플밍\c++연습_baekjoon\programmers_c++\programmers_c++\debug\주식가격.obj
c:\users\yooso\desktop\유소영\멋해\플밍\c++연습_baekjoon\programmers_c++\programmers_c++\debug\k번째수.obj
c:\users\yooso\desktop\유소영\멋해\플밍\c++연습_baekjoon\programmers_c++\programmers_c++\debug\타겟 넘버.obj
c:\users\yooso\desktop\유소영\멋해\플밍\c++연습_baekjoon\programmers_c++\programmers_c++\debug\모의고사.obj
c:\users\yooso\desktop\유소영\멋해\플밍\c++연습_baekjoon\programmers_c++\programmers_c++\debug\체육복.obj
c:\users\yooso\desktop\유소영\멋해\플밍\c++연습_baekjoon\programmers_c++\programmers_c++\debug\문자열압축.obj
c:\users\yooso\desktop\유소영\멋해\플밍\c++연습_baekjoon\programmers_c++\programmers_c++\debug\괄호변환.obj
c:\users\yooso\desktop\유소영\멋해\플밍\c++연습_baekjoon\programmers_c++\programmers_c++\debug\오픈채팅방.obj
c:\users\yooso\desktop\유소영\멋해\플밍\c++연습_baekjoon\programmers_c++\programmers_c++\debug\후보키.obj
c:\users\yooso\desktop\유소영\멋해\플밍\c++연습_baekjoon\programmers_c++\programmers_c++\debug\소스.obj
c:\users\yooso\desktop\유소영\멋해\플밍\c++연습_baekjoon\programmers_c++\debug\programmers_c++.exe
c:\users\yooso\desktop\유소영\멋해\플밍\c++연습_baekjoon\programmers_c++\debug\programmers_c++.ilk
c:\users\yooso\desktop\유소영\멋해\플밍\c++연습_baekjoon\programmers_c++\debug\programmers_c++.pdb
c:\users\yooso\desktop\유소영\멋해\플밍\c++연습_baekjoon\programmers_c++\programmers_c++\debug\hash_완주하지못한선수.obj
c:\users\yooso\desktop\유소영\멋해\플밍\c++연습_baekjoon\programmers_c++\programmers_c++\debug\programmers_c++.tlog\cl.command.1.tlog
c:\users\yooso\desktop\유소영\멋해\플밍\c++연습_baekjoon\programmers_c++\programmers_c++\debug\programmers_c++.tlog\cl.read.1.tlog
c:\users\yooso\desktop\유소영\멋해\플밍\c++연습_baekjoon\programmers_c++\programmers_c++\debug\programmers_c++.tlog\cl.write.1.tlog
c:\users\yooso\desktop\유소영\멋해\플밍\c++연습_baekjoon\programmers_c++\programmers_c++\debug\programmers_c++.tlog\link.command.1.tlog
c:\users\yooso\desktop\유소영\멋해\플밍\c++연습_baekjoon\programmers_c++\programmers_c++\debug\programmers_c++.tlog\link.read.1.tlog
c:\users\yooso\desktop\유소영\멋해\플밍\c++연습_baekjoon\programmers_c++\programmers_c++\debug\programmers_c++.tlog\link.write.1.tlog
