c:\users\yooso\desktop\유소영\멋해\플밍\c++연습_baekjoon\baekjoon\des\debug\vc141.pdb
c:\users\yooso\desktop\유소영\멋해\플밍\c++연습_baekjoon\baekjoon\des\debug\vc141.idb
c:\users\yooso\desktop\유소영\멋해\플밍\c++연습_baekjoon\baekjoon\des\debug\baekjoon_15683.obj
c:\users\yooso\desktop\유소영\멋해\플밍\c++연습_baekjoon\baekjoon\des\debug\baekjoon_1453.obj
c:\users\yooso\desktop\유소영\멋해\플밍\c++연습_baekjoon\baekjoon\des\debug\baekjoon_1748.obj
c:\users\yooso\desktop\유소영\멋해\플밍\c++연습_baekjoon\baekjoon\des\debug\baekjoon_15591.obj
c:\users\yooso\desktop\유소영\멋해\플밍\c++연습_baekjoon\baekjoon\des\debug\baekjoon_2638.obj
c:\users\yooso\desktop\유소영\멋해\플밍\c++연습_baekjoon\baekjoon\des\debug\baekjoon_1405.obj
c:\users\yooso\desktop\유소영\멋해\플밍\c++연습_baekjoon\baekjoon\des\debug\baekjoon_1339.obj
c:\users\yooso\desktop\유소영\멋해\플밍\c++연습_baekjoon\baekjoon\des\debug\baekjoon_1316.obj
c:\users\yooso\desktop\유소영\멋해\플밍\c++연습_baekjoon\baekjoon\des\debug\baekjoon_1292.obj
c:\users\yooso\desktop\유소영\멋해\플밍\c++연습_baekjoon\baekjoon\des\debug\baekjoon_15650.obj
c:\users\yooso\desktop\유소영\멋해\플밍\c++연습_baekjoon\baekjoon\des\debug\baekjoon_11723.obj
c:\users\yooso\desktop\유소영\멋해\플밍\c++연습_baekjoon\baekjoon\des\debug\baekjoon_11399.obj
c:\users\yooso\desktop\유소영\멋해\플밍\c++연습_baekjoon\baekjoon\des\debug\baekjoon_1260.obj
c:\users\yooso\desktop\유소영\멋해\플밍\c++연습_baekjoon\baekjoon\des\debug\baekjoon_9019.obj
c:\users\yooso\desktop\유소영\멋해\플밍\c++연습_baekjoon\baekjoon\des\debug\baekjoon_16236.obj
c:\users\yooso\desktop\유소영\멋해\플밍\c++연습_baekjoon\baekjoon\des\debug\baekjoon_7576.obj
c:\users\yooso\desktop\유소영\멋해\플밍\c++연습_baekjoon\baekjoon\des\debug\baekjoon_7569.obj
c:\users\yooso\desktop\유소영\멋해\플밍\c++연습_baekjoon\baekjoon\des\debug\baekjoon_1107.obj
c:\users\yooso\desktop\유소영\멋해\플밍\c++연습_baekjoon\baekjoon\des\debug\baekjoon_1003.obj
c:\users\yooso\desktop\유소영\멋해\플밍\c++연습_baekjoon\baekjoon\des\debug\baekjoon_1012.obj
c:\users\yooso\desktop\유소영\멋해\플밍\c++연습_baekjoon\baekjoon\des\debug\baekjoon_2606.obj
c:\users\yooso\desktop\유소영\멋해\플밍\c++연습_baekjoon\baekjoon\des\debug\baekjoon_17626.obj
c:\users\yooso\desktop\유소영\멋해\플밍\c++연습_baekjoon\baekjoon\des\debug\baekjoon_17219.obj
c:\users\yooso\desktop\유소영\멋해\플밍\c++연습_baekjoon\baekjoon\des\debug\baekjoon_1931.obj
c:\users\yooso\desktop\유소영\멋해\플밍\c++연습_baekjoon\baekjoon\des\debug\baekjoon_11053.obj
c:\users\yooso\desktop\유소영\멋해\플밍\c++연습_baekjoon\baekjoon\des\debug\baekjoon_1152.obj
c:\users\yooso\desktop\유소영\멋해\플밍\c++연습_baekjoon\baekjoon\des\debug\baekjoon_11720.obj
c:\users\yooso\desktop\유소영\멋해\플밍\c++연습_baekjoon\baekjoon\des\debug\baekjoon_8958.obj
c:\users\yooso\desktop\유소영\멋해\플밍\c++연습_baekjoon\baekjoon\des\debug\baekjoon_2920.obj
c:\users\yooso\desktop\유소영\멋해\플밍\c++연습_baekjoon\baekjoon\des\debug\baekjoon_1620.obj
c:\users\yooso\desktop\유소영\멋해\플밍\c++연습_baekjoon\baekjoon\des\debug\baekjoon_2565.obj
c:\users\yooso\desktop\유소영\멋해\플밍\c++연습_baekjoon\baekjoon\des\debug\baekjoon_2568.obj
c:\users\yooso\desktop\유소영\멋해\플밍\c++연습_baekjoon\baekjoon\des\debug\baekjoon_17144.obj
c:\users\yooso\desktop\유소영\멋해\플밍\c++연습_baekjoon\baekjoon\des\debug\소스.obj
c:\users\yooso\desktop\유소영\멋해\플밍\c++연습_baekjoon\baekjoon\des\debug\baekjoon_18870.obj
c:\users\yooso\desktop\유소영\멋해\플밍\c++연습_baekjoon\baekjoon\des\debug\baekjoon_1463.obj
c:\users\yooso\desktop\유소영\멋해\플밍\c++연습_baekjoon\baekjoon\des\debug\baekjoon_2630.obj
c:\users\yooso\desktop\유소영\멋해\플밍\c++연습_baekjoon\baekjoon\des\debug\baekjoon_1074.obj
c:\users\yooso\desktop\유소영\멋해\플밍\c++연습_baekjoon\baekjoon\des\debug\baekjoon_11724.obj
c:\users\yooso\desktop\유소영\멋해\플밍\c++연습_baekjoon\baekjoon\des\debug\baekjoon_17070.obj
c:\users\yooso\desktop\유소영\멋해\플밍\c++연습_baekjoon\baekjoon\des\debug\vc142.pdb
c:\users\yooso\desktop\유소영\멋해\플밍\c++연습_baekjoon\baekjoon\des\debug\vc142.idb
c:\users\yooso\desktop\유소영\멋해\플밍\c++연습_baekjoon\baekjoon\des\debug\baekjoon_2003.obj
c:\users\yooso\desktop\유소영\멋해\플밍\c++연습_baekjoon\baekjoon\des\debug\baekjoon_2805.obj
c:\users\yooso\desktop\유소영\멋해\플밍\c++연습_baekjoon\baekjoon\des\debug\baekjoon_1072.obj
c:\users\yooso\desktop\유소영\멋해\플밍\c++연습_baekjoon\baekjoon\des\debug\baekjoon_1806.obj
c:\users\yooso\desktop\유소영\멋해\플밍\c++연습_baekjoon\baekjoon\des\debug\baekjoon_2096.obj
c:\users\yooso\desktop\유소영\멋해\플밍\c++연습_baekjoon\baekjoon\des\debug\baekjoon_1991.obj
c:\users\yooso\desktop\유소영\멋해\플밍\c++연습_baekjoon\baekjoon\des\debug\baekjoon_1572.obj
c:\users\yooso\desktop\유소영\멋해\플밍\c++연습_baekjoon\baekjoon\des\debug\baekjoon_1717.obj
c:\users\yooso\desktop\유소영\멋해\플밍\c++연습_baekjoon\baekjoon\des\debug\baekjoon_3830.obj
c:\users\yooso\desktop\유소영\멋해\플밍\c++연습_baekjoon\baekjoon\des\debug\baekjoon_6416.obj
c:\users\yooso\desktop\유소영\멋해\플밍\c++연습_baekjoon\baekjoon\des\debug\baekjoon_5639.obj
c:\users\yooso\desktop\유소영\멋해\플밍\c++연습_baekjoon\baekjoon\des\debug\baekjoon_4358.obj
c:\users\yooso\desktop\유소영\멋해\플밍\c++연습_baekjoon\baekjoon\des\debug\baekjoon_2014.obj
c:\users\yooso\desktop\유소영\멋해\플밍\c++연습_baekjoon\baekjoon\des\debug\baekjoon_1927.obj
c:\users\yooso\desktop\유소영\멋해\플밍\c++연습_baekjoon\baekjoon\des\debug\baekjoon_11279.obj
c:\users\yooso\desktop\유소영\멋해\플밍\c++연습_baekjoon\baekjoon\des\debug\baekjoon_2243.obj
c:\users\yooso\desktop\유소영\멋해\플밍\c++연습_baekjoon\baekjoon\des\debug\baekjoon_9202.obj
c:\users\yooso\desktop\유소영\멋해\플밍\c++연습_baekjoon\baekjoon\des\debug\baekjoon_3020.obj
c:\users\yooso\desktop\유소영\멋해\플밍\c++연습_baekjoon\baekjoon\des\debug\baekjoon_3020(2).obj
c:\users\yooso\desktop\유소영\멋해\플밍\c++연습_baekjoon\baekjoon\des\debug\baekjoon_1655.obj
c:\users\yooso\desktop\유소영\멋해\플밍\c++연습_baekjoon\baekjoon\des\debug\baekjoon_2094.obj
c:\users\yooso\desktop\유소영\멋해\플밍\c++연습_baekjoon\baekjoon\des\debug\baekjoon_11659.obj
c:\users\yooso\desktop\유소영\멋해\플밍\c++연습_baekjoon\baekjoon\des\debug\baekjoon_11660.obj
c:\users\yooso\desktop\유소영\멋해\플밍\c++연습_baekjoon\baekjoon\des\debug\baekjoon_1022.obj
c:\users\yooso\desktop\유소영\멋해\플밍\c++연습_baekjoon\baekjoon\des\debug\baekjoon_2407.obj
c:\users\yooso\desktop\유소영\멋해\플밍\c++연습_baekjoon\baekjoon\des\debug\baekjoon_2448.obj
c:\users\yooso\desktop\유소영\멋해\플밍\c++연습_baekjoon\baekjoon\des\debug\알파벳.obj
c:\users\yooso\desktop\유소영\멋해\플밍\c++연습_baekjoon\baekjoon\debug\des.pdb
c:\users\yooso\desktop\유소영\멋해\플밍\c++연습_baekjoon\baekjoon\debug\des.exe
c:\users\yooso\desktop\유소영\멋해\플밍\c++연습_baekjoon\baekjoon\debug\des.ilk
c:\users\yooso\desktop\유소영\멋해\플밍\c++연습_baekjoon\baekjoon\des\debug\des.tlog\cl.command.1.tlog
c:\users\yooso\desktop\유소영\멋해\플밍\c++연습_baekjoon\baekjoon\des\debug\des.tlog\cl.read.1.tlog
c:\users\yooso\desktop\유소영\멋해\플밍\c++연습_baekjoon\baekjoon\des\debug\des.tlog\cl.write.1.tlog
c:\users\yooso\desktop\유소영\멋해\플밍\c++연습_baekjoon\baekjoon\des\debug\des.tlog\link.command.1.tlog
c:\users\yooso\desktop\유소영\멋해\플밍\c++연습_baekjoon\baekjoon\des\debug\des.tlog\link.read.1.tlog
c:\users\yooso\desktop\유소영\멋해\플밍\c++연습_baekjoon\baekjoon\des\debug\des.tlog\link.write.1.tlog
